  Assembling win32lib\TOBUFF.ASM...
  Assembling win32lib\XORDELTA.ASM...
  Assembling KEYFBUFF.ASM...
KEYFBUFF.ASM(1138): warning A6004: procedure argument or local not referenced : Translucent
  Assembling MMX.ASM...
  Assembling TXTPRNT.ASM...
  Assembling win32lib\FACINGFF.ASM...
  AADATA.CPP
  ABSTRACT.CPP
  ADATA.CPP
  AIRCRAFT.CPP
  ANIM.CPP
  AUDIO.CPP
  BASE.CPP
  BBDATA.CPP
  BDATA.CPP
  BUILDING.CPP
  BULLET.CPP
  CARGO.CPP
  CCDDE.CPP
  CCFILE.CPP
  CDATA.CPP
  CDFILE.CPP
  CELL.CPP
  CHECKBOX.CPP
  CHEKLIST.CPP
  COLRLIST.CPP
  COMBAT.CPP
  COMBUF.CPP
  COMQUEUE.CPP
  CONFDLG.CPP
  CONNECT.CPP
  CONQUER.CPP
  CONST.CPP
  CONTROL.CPP
  COORD.CPP
  CREDITS.CPP
  CREW.CPP
  DDE.CPP
  DEBUG.CPP
  DESCDLG.CPP
  DIAL8.CPP
  DIALOG.CPP
  DISPLAY.CPP
  DLLInterface.cpp
  DLLInterfaceEditor.cpp
  DOOR.CPP
  DPMI.CPP
  DRIVE.CPP
  EDIT.CPP
  ENDING.CPP
  EVENT.CPP
  EXPAND.CPP
  FACING.CPP
  FACTORY.CPP
  FIELD.CPP
  FINDPATH.CPP
  FLASHER.CPP
  FLY.CPP
  FOOT.CPP
  FUSE.CPP
  GADGET.CPP
  GAMEDLG.CPP
  GAUGE.CPP
  GLOBALS.CPP
  GOPTIONS.CPP
  GSCREEN.CPP
  HDATA.CPP
  HEAP.CPP
  HELP.CPP
  HOUSE.CPP
  IDATA.CPP
  INFANTRY.CPP
  INI.CPP
  INIT.CPP
  INTERNET.CPP
  INTERPAL.CPP
  INTRO.CPP
  IOMAP.CPP
  IOOBJ.CPP
  IPX.CPP
  IPX95.CPP
  IPXADDR.CPP
  IPXCONN.CPP
  IPXGCONN.CPP
  IPXMGR.CPP
  JSHELL.CPP
  KEYFRAME.CPP
  LAYER.CPP
  LINK.CPP
  LIST.CPP
  LOADDLG.CPP
  LOGIC.CPP
  MAP.CPP
  MAPEDDLG.CPP
  MAPEDIT.CPP
  MAPEDPLC.CPP
  MAPEDSEL.CPP
  MAPEDTM.CPP
  MAPSEL.CPP
  MENUS.CPP
  MiscAsm.cpp
  MISSION.CPP
  MIXFILE.CPP
  MONOC.CPP
  MOUSE.CPP
  MPLAYER.CPP
  MSGBOX.CPP
  MSGLIST.CPP
  NETDLG.CPP
  NOSEQCON.CPP
  NULLCONN.CPP
  NULLDLG.CPP
  NULLMGR.CPP
  OBJECT.CPP
  ODATA.CPP
  OPTIONS.CPP
  OVERLAY.CPP
  PACKET.CPP
  POWER.CPP
  PROFILE.CPP
  QUEUE.CPP
  RADAR.CPP
  RADIO.CPP
  RAND.CPP
  RAWFILE.CPP
  REINF.CPP
  RULES.CPP
  SAVELOAD.CPP
  SCENARIO.CPP
  SCORE.CPP
  SCROLL.CPP
  SDATA.CPP
  SEQCONN.CPP
  Shape.cpp
  SHAPEBTN.CPP
  SIDEBAR.CPP
  SIDEBARGlyphx.CPP
  SLIDER.CPP
  SMUDGE.CPP
  SOUNDDLG.CPP
  SPECIAL.CPP
  STARTUP.CPP
  STATS.CPP
  SUPER.CPP
  TAB.CPP
  TARCOM.CPP
  TARGET.CPP
  TCPIP.CPP
  TDATA.CPP
  TEAM.CPP
  TEAMTYPE.CPP
  TECHNO.CPP
  TEMPLATE.CPP
  TERRAIN.CPP
  TEXTBTN.CPP
  THEME.CPP
  TOGGLE.CPP
  TRIGGER.CPP
  TURRET.CPP
  TXTLABEL.CPP
  UDATA.CPP
  UNIT.CPP
  UTRACKER.CPP
  VECTOR.CPP
  VISUDLG.CPP
  ALLOC.CPP
  BUFFER.CPP
  BUFFGLBL.CPP
  DDRAW.CPP
  DIPTHONG.CPP
  DrawMisc.cpp
  DRAWRECT.CPP
  FONT.CPP
  GBUFFER.CPP
  GETSHAPE.CPP
  ICONSET.CPP
  IFF.CPP
  IRANDOM.CPP
  KEYBOARD.CPP
  LOAD.CPP
  LOADFONT.CPP
  LOADPAL.CPP
  MEM.CPP
  MORPHPAL.CPP
  MOUSEWW.CPP
  NEWDEL.CPP
  PALETTE.CPP
  REGIONSZ.CPP
  SET_FONT.CPP
  TIMER.CPP
  TIMERDWN.CPP
  TIMERINI.CPP
  WINDOWS.CPP
  WINHIDE.CPP
  WRITEPCX.CPP
  WSA.CPP
  _DIPTABL.CPP
  WINSTUB.CPP
     Creating library ..\bin\Win32\TiberianDawn.lib and object ..\bin\Win32\TiberianDawn.exp
  TiberianDawn.vcxproj -> C:\z-git\CnC_Remastered_Collection-AI-Boost2\TiberianDawn\..\bin\Win32\TiberianDawn.dll
