c:\a-git\ai-boost-cnc-crash\redalert\win32\release\adpcm.obj
c:\a-git\ai-boost-cnc-crash\redalert\win32\release\b64straw.obj
c:\a-git\ai-boost-cnc-crash\redalert\win32\release\base64.obj
c:\a-git\ai-boost-cnc-crash\redalert\win32\release\bdata.obj
c:\a-git\ai-boost-cnc-crash\redalert\win32\release\ccdde.obj
c:\a-git\ai-boost-cnc-crash\redalert\win32\release\ccini.obj
c:\a-git\ai-boost-cnc-crash\redalert\win32\release\cell.obj
c:\a-git\ai-boost-cnc-crash\redalert\win32\release\combuf.obj
c:\a-git\ai-boost-cnc-crash\redalert\win32\release\crate.obj
c:\a-git\ai-boost-cnc-crash\redalert\win32\release\dial8.obj
c:\a-git\ai-boost-cnc-crash\redalert\win32\release\door.obj
c:\a-git\ai-boost-cnc-crash\redalert\win32\release\event.obj
c:\a-git\ai-boost-cnc-crash\redalert\win32\release\findpath.obj
c:\a-git\ai-boost-cnc-crash\redalert\win32\release\hdata.obj
c:\a-git\ai-boost-cnc-crash\redalert\win32\release\infantry.obj
c:\a-git\ai-boost-cnc-crash\redalert\win32\release\interpal.obj
c:\a-git\ai-boost-cnc-crash\redalert\win32\release\ipxaddr.obj
c:\a-git\ai-boost-cnc-crash\redalert\win32\release\layer.obj
c:\a-git\ai-boost-cnc-crash\redalert\win32\release\lzwpipe.obj
c:\a-git\ai-boost-cnc-crash\redalert\win32\release\lzwstraw.obj
c:\a-git\ai-boost-cnc-crash\redalert\win32\release\mapeddlg.obj
c:\a-git\ai-boost-cnc-crash\redalert\win32\release\mapsel.obj
c:\a-git\ai-boost-cnc-crash\redalert\win32\release\monoc.obj
c:\a-git\ai-boost-cnc-crash\redalert\win32\release\netdlg.obj
c:\a-git\ai-boost-cnc-crash\redalert\win32\release\overlay.obj
c:\a-git\ai-boost-cnc-crash\redalert\win32\release\radio.obj
c:\a-git\ai-boost-cnc-crash\redalert\win32\release\rect.obj
c:\a-git\ai-boost-cnc-crash\redalert\win32\release\reinf.obj
c:\a-git\ai-boost-cnc-crash\redalert\win32\release\sdata.obj
c:\a-git\ai-boost-cnc-crash\redalert\win32\release\smudge.obj
c:\a-git\ai-boost-cnc-crash\redalert\win32\release\stats.obj
c:\a-git\ai-boost-cnc-crash\redalert\win32\release\tdata.obj
c:\a-git\ai-boost-cnc-crash\redalert\win32\release\terrain.obj
c:\a-git\ai-boost-cnc-crash\redalert\win32\release\trigger.obj
c:\a-git\ai-boost-cnc-crash\redalert\win32\release\utracker.obj
c:\a-git\ai-boost-cnc-crash\redalert\win32\release\vortex.obj
c:\a-git\ai-boost-cnc-crash\redalert\win32\release\ddraw.obj
c:\a-git\ai-boost-cnc-crash\redalert\win32\release\gbuffer.obj
c:\a-git\ai-boost-cnc-crash\redalert\win32\release\loadfont.obj
c:\a-git\ai-boost-cnc-crash\redalert\win32\release\timerini.obj
c:\a-git\ai-boost-cnc-crash\redalert\win32\release\wol_cgam.obj
c:\a-git\ai-boost-cnc-crash\redalert\win32\release\wol_chat.obj
c:\a-git\ai-boost-cnc-crash\redalert\win32\release\wol_dnld.obj
c:\a-git\ai-boost-cnc-crash\redalert\win32\release\wol_logn.obj
c:\a-git\ai-boost-cnc-crash\redalert\win32\release\wspipx.obj
c:\a-git\ai-boost-cnc-crash\redalert\win32\release\adata.obj
c:\a-git\ai-boost-cnc-crash\redalert\win32\release\bbdata.obj
c:\a-git\ai-boost-cnc-crash\redalert\win32\release\blwstraw.obj
c:\a-git\ai-boost-cnc-crash\redalert\win32\release\cargo.obj
c:\a-git\ai-boost-cnc-crash\redalert\win32\release\ccten.obj
c:\a-git\ai-boost-cnc-crash\redalert\win32\release\class.obj
c:\a-git\ai-boost-cnc-crash\redalert\win32\release\colrlist.obj
c:\a-git\ai-boost-cnc-crash\redalert\win32\release\conquer.obj
c:\a-git\ai-boost-cnc-crash\redalert\win32\release\cstraw.obj
c:\a-git\ai-boost-cnc-crash\redalert\win32\release\dde.obj
c:\a-git\ai-boost-cnc-crash\redalert\win32\release\dialog.obj
c:\a-git\ai-boost-cnc-crash\redalert\win32\release\drop.obj
c:\a-git\ai-boost-cnc-crash\redalert\win32\release\expand.obj
c:\a-git\ai-boost-cnc-crash\redalert\win32\release\fixed.obj
c:\a-git\ai-boost-cnc-crash\redalert\win32\release\foot.obj
c:\a-git\ai-boost-cnc-crash\redalert\win32\release\globals.obj
c:\a-git\ai-boost-cnc-crash\redalert\win32\release\ini.obj
c:\a-git\ai-boost-cnc-crash\redalert\win32\release\inibin.obj
c:\a-git\ai-boost-cnc-crash\redalert\win32\release\intro.obj
c:\a-git\ai-boost-cnc-crash\redalert\win32\release\ipxconn.obj
c:\a-git\ai-boost-cnc-crash\redalert\win32\release\lcw.obj
c:\a-git\ai-boost-cnc-crash\redalert\win32\release\lcwpipe.obj
c:\a-git\ai-boost-cnc-crash\redalert\win32\release\lcwstraw.obj
c:\a-git\ai-boost-cnc-crash\redalert\win32\release\link.obj
c:\a-git\ai-boost-cnc-crash\redalert\win32\release\mapedit.obj
c:\a-git\ai-boost-cnc-crash\redalert\win32\release\mci.obj
c:\a-git\ai-boost-cnc-crash\redalert\win32\release\mixfile.obj
c:\a-git\ai-boost-cnc-crash\redalert\win32\release\msglist.obj
c:\a-git\ai-boost-cnc-crash\redalert\win32\release\options.obj
c:\a-git\ai-boost-cnc-crash\redalert\win32\release\radar.obj
c:\a-git\ai-boost-cnc-crash\redalert\win32\release\rgb.obj
c:\a-git\ai-boost-cnc-crash\redalert\win32\release\rotbmp.obj
c:\a-git\ai-boost-cnc-crash\redalert\win32\release\rules.obj
c:\a-git\ai-boost-cnc-crash\redalert\win32\release\seqconn.obj
c:\a-git\ai-boost-cnc-crash\redalert\win32\release\sha.obj
c:\a-git\ai-boost-cnc-crash\redalert\win32\release\shastraw.obj
c:\a-git\ai-boost-cnc-crash\redalert\win32\release\sidebarglyphx.obj
c:\a-git\ai-boost-cnc-crash\redalert\win32\release\sprite.obj
c:\a-git\ai-boost-cnc-crash\redalert\win32\release\straw.obj
c:\a-git\ai-boost-cnc-crash\redalert\win32\release\stub.obj
c:\a-git\ai-boost-cnc-crash\redalert\win32\release\surface.obj
c:\a-git\ai-boost-cnc-crash\redalert\win32\release\tab.obj
c:\a-git\ai-boost-cnc-crash\redalert\win32\release\teamtype.obj
c:\a-git\ai-boost-cnc-crash\redalert\win32\release\tevent.obj
c:\a-git\ai-boost-cnc-crash\redalert\win32\release\trigtype.obj
c:\a-git\ai-boost-cnc-crash\redalert\win32\release\vdata.obj
c:\a-git\ai-boost-cnc-crash\redalert\win32\release\warhead.obj
c:\a-git\ai-boost-cnc-crash\redalert\win32\release\dipthong.obj
c:\a-git\ai-boost-cnc-crash\redalert\win32\release\iff.obj
c:\a-git\ai-boost-cnc-crash\redalert\win32\release\palette.obj
c:\a-git\ai-boost-cnc-crash\redalert\win32\release\writepcx.obj
c:\a-git\ai-boost-cnc-crash\redalert\win32\release\wol_opt.obj
c:\a-git\ai-boost-cnc-crash\redalert\win32\release\xpipe.obj
c:\a-git\ai-boost-cnc-crash\redalert\win32\release\abstract.obj
c:\a-git\ai-boost-cnc-crash\redalert\win32\release\anim.obj
c:\a-git\ai-boost-cnc-crash\redalert\win32\release\bigcheck.obj
c:\a-git\ai-boost-cnc-crash\redalert\win32\release\blowfish.obj
c:\a-git\ai-boost-cnc-crash\redalert\win32\release\building.obj
c:\a-git\ai-boost-cnc-crash\redalert\win32\release\cdata.obj
c:\a-git\ai-boost-cnc-crash\redalert\win32\release\comqueue.obj
c:\a-git\ai-boost-cnc-crash\redalert\win32\release\connect.obj
c:\a-git\ai-boost-cnc-crash\redalert\win32\release\crc.obj
c:\a-git\ai-boost-cnc-crash\redalert\win32\release\crcpipe.obj
c:\a-git\ai-boost-cnc-crash\redalert\win32\release\crcstraw.obj
c:\a-git\ai-boost-cnc-crash\redalert\win32\release\crew.obj
c:\a-git\ai-boost-cnc-crash\redalert\win32\release\dibfile.obj
c:\a-git\ai-boost-cnc-crash\redalert\win32\release\display.obj
c:\a-git\ai-boost-cnc-crash\redalert\win32\release\dtable.obj
c:\a-git\ai-boost-cnc-crash\redalert\win32\release\edit.obj
c:\a-git\ai-boost-cnc-crash\redalert\win32\release\field.obj
c:\a-git\ai-boost-cnc-crash\redalert\win32\release\fly.obj
c:\a-git\ai-boost-cnc-crash\redalert\win32\release\gauge.obj
c:\a-git\ai-boost-cnc-crash\redalert\win32\release\heap.obj
c:\a-git\ai-boost-cnc-crash\redalert\win32\release\init.obj
c:\a-git\ai-boost-cnc-crash\redalert\win32\release\ipx.obj
c:\a-git\ai-boost-cnc-crash\redalert\win32\release\itable.obj
c:\a-git\ai-boost-cnc-crash\redalert\win32\release\jshell.obj
c:\a-git\ai-boost-cnc-crash\redalert\win32\release\lzo1x_c.obj
c:\a-git\ai-boost-cnc-crash\redalert\win32\release\lzo1x_d.obj
c:\a-git\ai-boost-cnc-crash\redalert\win32\release\lzopipe.obj
c:\a-git\ai-boost-cnc-crash\redalert\win32\release\lzostraw.obj
c:\a-git\ai-boost-cnc-crash\redalert\win32\release\lzw.obj
c:\a-git\ai-boost-cnc-crash\redalert\win32\release\map.obj
c:\a-git\ai-boost-cnc-crash\redalert\win32\release\mcimovie.obj
c:\a-git\ai-boost-cnc-crash\redalert\win32\release\mpgset.obj
c:\a-git\ai-boost-cnc-crash\redalert\win32\release\nulldlg.obj
c:\a-git\ai-boost-cnc-crash\redalert\win32\release\pipe.obj
c:\a-git\ai-boost-cnc-crash\redalert\win32\release\pkpipe.obj
c:\a-git\ai-boost-cnc-crash\redalert\win32\release\power.obj
c:\a-git\ai-boost-cnc-crash\redalert\win32\release\rand.obj
c:\a-git\ai-boost-cnc-crash\redalert\win32\release\score.obj
c:\a-git\ai-boost-cnc-crash\redalert\win32\release\shape.obj
c:\a-git\ai-boost-cnc-crash\redalert\win32\release\shapebtn.obj
c:\a-git\ai-boost-cnc-crash\redalert\win32\release\sounddlg.obj
c:\a-git\ai-boost-cnc-crash\redalert\win32\release\super.obj
c:\a-git\ai-boost-cnc-crash\redalert\win32\release\team.obj
c:\a-git\ai-boost-cnc-crash\redalert\win32\release\textbtn.obj
c:\a-git\ai-boost-cnc-crash\redalert\win32\release\txtlabel.obj
c:\a-git\ai-boost-cnc-crash\redalert\win32\release\vector.obj
c:\a-git\ai-boost-cnc-crash\redalert\win32\release\weapon.obj
c:\a-git\ai-boost-cnc-crash\redalert\win32\release\font.obj
c:\a-git\ai-boost-cnc-crash\redalert\win32\release\load.obj
c:\a-git\ai-boost-cnc-crash\redalert\win32\release\set_font.obj
c:\a-git\ai-boost-cnc-crash\redalert\win32\release\winhide.obj
c:\a-git\ai-boost-cnc-crash\redalert\win32\release\wol_main.obj
c:\a-git\ai-boost-cnc-crash\redalert\win32\release\wsproto.obj
c:\a-git\ai-boost-cnc-crash\redalert\win32\release\aircraft.obj
c:\a-git\ai-boost-cnc-crash\redalert\win32\release\bar.obj
c:\a-git\ai-boost-cnc-crash\redalert\win32\release\blowpipe.obj
c:\a-git\ai-boost-cnc-crash\redalert\win32\release\bullet.obj
c:\a-git\ai-boost-cnc-crash\redalert\win32\release\ccmpath.obj
c:\a-git\ai-boost-cnc-crash\redalert\win32\release\checkbox.obj
c:\a-git\ai-boost-cnc-crash\redalert\win32\release\cominit.obj
c:\a-git\ai-boost-cnc-crash\redalert\win32\release\control.obj
c:\a-git\ai-boost-cnc-crash\redalert\win32\release\debug.obj
c:\a-git\ai-boost-cnc-crash\redalert\win32\release\dllinterfaceeditor.obj
c:\a-git\ai-boost-cnc-crash\redalert\win32\release\dynavec.obj
c:\a-git\ai-boost-cnc-crash\redalert\win32\release\egos.obj
c:\a-git\ai-boost-cnc-crash\redalert\win32\release\ending.obj
c:\a-git\ai-boost-cnc-crash\redalert\win32\release\factory.obj
c:\a-git\ai-boost-cnc-crash\redalert\win32\release\gadget.obj
c:\a-git\ai-boost-cnc-crash\redalert\win32\release\gscreen.obj
c:\a-git\ai-boost-cnc-crash\redalert\win32\release\house.obj
c:\a-git\ai-boost-cnc-crash\redalert\win32\release\ioobj.obj
c:\a-git\ai-boost-cnc-crash\redalert\win32\release\ipxmgr.obj
c:\a-git\ai-boost-cnc-crash\redalert\win32\release\loaddlg.obj
c:\a-git\ai-boost-cnc-crash\redalert\win32\release\mapedsel.obj
c:\a-git\ai-boost-cnc-crash\redalert\win32\release\menus.obj
c:\a-git\ai-boost-cnc-crash\redalert\win32\release\mouse.obj
c:\a-git\ai-boost-cnc-crash\redalert\win32\release\nullconn.obj
c:\a-git\ai-boost-cnc-crash\redalert\win32\release\packet.obj
c:\a-git\ai-boost-cnc-crash\redalert\win32\release\palettec.obj
c:\a-git\ai-boost-cnc-crash\redalert\win32\release\ramfile.obj
c:\a-git\ai-boost-cnc-crash\redalert\win32\release\scenario.obj
c:\a-git\ai-boost-cnc-crash\redalert\win32\release\shapipe.obj
c:\a-git\ai-boost-cnc-crash\redalert\win32\release\sidebar.obj
c:\a-git\ai-boost-cnc-crash\redalert\win32\release\startup.obj
c:\a-git\ai-boost-cnc-crash\redalert\win32\release\target.obj
c:\a-git\ai-boost-cnc-crash\redalert\win32\release\template.obj
c:\a-git\ai-boost-cnc-crash\redalert\win32\release\theme.obj
c:\a-git\ai-boost-cnc-crash\redalert\win32\release\udata.obj
c:\a-git\ai-boost-cnc-crash\redalert\win32\release\visudlg.obj
c:\a-git\ai-boost-cnc-crash\redalert\win32\release\alloc.obj
c:\a-git\ai-boost-cnc-crash\redalert\win32\release\delay.obj
c:\a-git\ai-boost-cnc-crash\redalert\win32\release\iconset.obj
c:\a-git\ai-boost-cnc-crash\redalert\win32\release\timerdwn.obj
c:\a-git\ai-boost-cnc-crash\redalert\win32\release\wolapiob.obj
c:\a-git\ai-boost-cnc-crash\redalert\win32\release\woledit.obj
c:\a-git\ai-boost-cnc-crash\redalert\win32\release\wolstrng.obj
c:\a-git\ai-boost-cnc-crash\redalert\win32\release\aadata.obj
c:\a-git\ai-boost-cnc-crash\redalert\win32\release\b64pipe.obj
c:\a-git\ai-boost-cnc-crash\redalert\win32\release\base.obj
c:\a-git\ai-boost-cnc-crash\redalert\win32\release\buff.obj
c:\a-git\ai-boost-cnc-crash\redalert\win32\release\carry.obj
c:\a-git\ai-boost-cnc-crash\redalert\win32\release\ccptr.obj
c:\a-git\ai-boost-cnc-crash\redalert\win32\release\combat.obj
c:\a-git\ai-boost-cnc-crash\redalert\win32\release\const.obj
c:\a-git\ai-boost-cnc-crash\redalert\win32\release\credits.obj
c:\a-git\ai-boost-cnc-crash\redalert\win32\release\dibutil.obj
c:\a-git\ai-boost-cnc-crash\redalert\win32\release\dllinterface.obj
c:\a-git\ai-boost-cnc-crash\redalert\win32\release\facing.obj
c:\a-git\ai-boost-cnc-crash\redalert\win32\release\fuse.obj
c:\a-git\ai-boost-cnc-crash\redalert\win32\release\getcpu.obj
c:\a-git\ai-boost-cnc-crash\redalert\win32\release\goptions.obj
c:\a-git\ai-boost-cnc-crash\redalert\win32\release\hsv.obj
c:\a-git\ai-boost-cnc-crash\redalert\win32\release\iconlist.obj
c:\a-git\ai-boost-cnc-crash\redalert\win32\release\idata.obj
c:\a-git\ai-boost-cnc-crash\redalert\win32\release\int.obj
c:\a-git\ai-boost-cnc-crash\redalert\win32\release\internet.obj
c:\a-git\ai-boost-cnc-crash\redalert\win32\release\ipx95.obj
c:\a-git\ai-boost-cnc-crash\redalert\win32\release\key.obj
c:\a-git\ai-boost-cnc-crash\redalert\win32\release\logic.obj
c:\a-git\ai-boost-cnc-crash\redalert\win32\release\mapedtm.obj
c:\a-git\ai-boost-cnc-crash\redalert\win32\release\mission.obj
c:\a-git\ai-boost-cnc-crash\redalert\win32\release\mplayer.obj
c:\a-git\ai-boost-cnc-crash\redalert\win32\release\nullmgr.obj
c:\a-git\ai-boost-cnc-crash\redalert\win32\release\object.obj
c:\a-git\ai-boost-cnc-crash\redalert\win32\release\pk.obj
c:\a-git\ai-boost-cnc-crash\redalert\win32\release\pkstraw.obj
c:\a-git\ai-boost-cnc-crash\redalert\win32\release\queue.obj
c:\a-git\ai-boost-cnc-crash\redalert\win32\release\rawolapi.obj
c:\a-git\ai-boost-cnc-crash\redalert\win32\release\readline.obj
c:\a-git\ai-boost-cnc-crash\redalert\win32\release\scroll.obj
c:\a-git\ai-boost-cnc-crash\redalert\win32\release\slider.obj
c:\a-git\ai-boost-cnc-crash\redalert\win32\release\statbtn.obj
c:\a-git\ai-boost-cnc-crash\redalert\win32\release\tcpip.obj
c:\a-git\ai-boost-cnc-crash\redalert\win32\release\tenmgr.obj
c:\a-git\ai-boost-cnc-crash\redalert\win32\release\tooltip.obj
c:\a-git\ai-boost-cnc-crash\redalert\win32\release\tracker.obj
c:\a-git\ai-boost-cnc-crash\redalert\win32\release\unit.obj
c:\a-git\ai-boost-cnc-crash\redalert\win32\release\w95trace.obj
c:\a-git\ai-boost-cnc-crash\redalert\win32\release\buffer.obj
c:\a-git\ai-boost-cnc-crash\redalert\win32\release\drawmisc.obj
c:\a-git\ai-boost-cnc-crash\redalert\win32\release\getshape.obj
c:\a-git\ai-boost-cnc-crash\redalert\win32\release\timer.obj
c:\a-git\ai-boost-cnc-crash\redalert\win32\release\_diptabl.obj
c:\a-git\ai-boost-cnc-crash\redalert\win32\release\winstub.obj
c:\a-git\ai-boost-cnc-crash\redalert\win32\release\xstraw.obj
c:\a-git\ai-boost-cnc-crash\redalert\win32\release\2keyfram.obj
c:\a-git\ai-boost-cnc-crash\redalert\win32\release\audio.obj
c:\a-git\ai-boost-cnc-crash\redalert\win32\release\bench.obj
c:\a-git\ai-boost-cnc-crash\redalert\win32\release\bfiofile.obj
c:\a-git\ai-boost-cnc-crash\redalert\win32\release\ccfile.obj
c:\a-git\ai-boost-cnc-crash\redalert\win32\release\cdfile.obj
c:\a-git\ai-boost-cnc-crash\redalert\win32\release\cheklist.obj
c:\a-git\ai-boost-cnc-crash\redalert\win32\release\confdlg.obj
c:\a-git\ai-boost-cnc-crash\redalert\win32\release\coord.obj
c:\a-git\ai-boost-cnc-crash\redalert\win32\release\descdlg.obj
c:\a-git\ai-boost-cnc-crash\redalert\win32\release\dpmi.obj
c:\a-git\ai-boost-cnc-crash\redalert\win32\release\drive.obj
c:\a-git\ai-boost-cnc-crash\redalert\win32\release\face.obj
c:\a-git\ai-boost-cnc-crash\redalert\win32\release\flasher.obj
c:\a-git\ai-boost-cnc-crash\redalert\win32\release\gamedlg.obj
c:\a-git\ai-boost-cnc-crash\redalert\win32\release\help.obj
c:\a-git\ai-boost-cnc-crash\redalert\win32\release\inicode.obj
c:\a-git\ai-boost-cnc-crash\redalert\win32\release\iomap.obj
c:\a-git\ai-boost-cnc-crash\redalert\win32\release\ipxgconn.obj
c:\a-git\ai-boost-cnc-crash\redalert\win32\release\lcwuncmp.obj
c:\a-git\ai-boost-cnc-crash\redalert\win32\release\list.obj
c:\a-git\ai-boost-cnc-crash\redalert\win32\release\mapedplc.obj
c:\a-git\ai-boost-cnc-crash\redalert\win32\release\miscasm.obj
c:\a-git\ai-boost-cnc-crash\redalert\win32\release\mp.obj
c:\a-git\ai-boost-cnc-crash\redalert\win32\release\mpmgrw.obj
c:\a-git\ai-boost-cnc-crash\redalert\win32\release\mpu.obj
c:\a-git\ai-boost-cnc-crash\redalert\win32\release\msgbox.obj
c:\a-git\ai-boost-cnc-crash\redalert\win32\release\odata.obj
c:\a-git\ai-boost-cnc-crash\redalert\win32\release\profile.obj
c:\a-git\ai-boost-cnc-crash\redalert\win32\release\random.obj
c:\a-git\ai-boost-cnc-crash\redalert\win32\release\rawfile.obj
c:\a-git\ai-boost-cnc-crash\redalert\win32\release\rndstraw.obj
c:\a-git\ai-boost-cnc-crash\redalert\win32\release\saveload.obj
c:\a-git\ai-boost-cnc-crash\redalert\win32\release\seditdlg.obj
c:\a-git\ai-boost-cnc-crash\redalert\win32\release\sendfile.obj
c:\a-git\ai-boost-cnc-crash\redalert\win32\release\session.obj
c:\a-git\ai-boost-cnc-crash\redalert\win32\release\special.obj
c:\a-git\ai-boost-cnc-crash\redalert\win32\release\taction.obj
c:\a-git\ai-boost-cnc-crash\redalert\win32\release\techno.obj
c:\a-git\ai-boost-cnc-crash\redalert\win32\release\toggle.obj
c:\a-git\ai-boost-cnc-crash\redalert\win32\release\udpaddr.obj
c:\a-git\ai-boost-cnc-crash\redalert\win32\release\version.obj
c:\a-git\ai-boost-cnc-crash\redalert\win32\release\vessel.obj
c:\a-git\ai-boost-cnc-crash\redalert\win32\release\buffglbl.obj
c:\a-git\ai-boost-cnc-crash\redalert\win32\release\drawrect.obj
c:\a-git\ai-boost-cnc-crash\redalert\win32\release\irandom.obj
c:\a-git\ai-boost-cnc-crash\redalert\win32\release\mouseww.obj
c:\a-git\ai-boost-cnc-crash\redalert\win32\release\windows.obj
c:\a-git\ai-boost-cnc-crash\redalert\win32\release\wol_gsup.obj
c:\a-git\ai-boost-cnc-crash\redalert\win32\release\wspudp.obj
c:\a-git\ai-boost-cnc-crash\redalert\win32\release\vc141.pdb
c:\a-git\ai-boost\redalert\win32\release\2keyfram.obj
c:\a-git\ai-boost\redalert\win32\release\audio.obj
c:\a-git\ai-boost\redalert\win32\release\bench.obj
c:\a-git\ai-boost\redalert\win32\release\bfiofile.obj
c:\a-git\ai-boost\redalert\win32\release\ccfile.obj
c:\a-git\ai-boost\redalert\win32\release\cdata.obj
c:\a-git\ai-boost\redalert\win32\release\comqueue.obj
c:\a-git\ai-boost\redalert\win32\release\connect.obj
c:\a-git\ai-boost\redalert\win32\release\crc.obj
c:\a-git\ai-boost\redalert\win32\release\crcpipe.obj
c:\a-git\ai-boost\redalert\win32\release\credits.obj
c:\a-git\ai-boost\redalert\win32\release\dibfile.obj
c:\a-git\ai-boost\redalert\win32\release\display.obj
c:\a-git\ai-boost\redalert\win32\release\dtable.obj
c:\a-git\ai-boost\redalert\win32\release\edit.obj
c:\a-git\ai-boost\redalert\win32\release\factory.obj
c:\a-git\ai-boost\redalert\win32\release\gadget.obj
c:\a-git\ai-boost\redalert\win32\release\gscreen.obj
c:\a-git\ai-boost\redalert\win32\release\house.obj
c:\a-git\ai-boost\redalert\win32\release\iomap.obj
c:\a-git\ai-boost\redalert\win32\release\ipxgconn.obj
c:\a-git\ai-boost\redalert\win32\release\lcwpipe.obj
c:\a-git\ai-boost\redalert\win32\release\lcwuncmp.obj
c:\a-git\ai-boost\redalert\win32\release\list.obj
c:\a-git\ai-boost\redalert\win32\release\mapedplc.obj
c:\a-git\ai-boost\redalert\win32\release\menus.obj
c:\a-git\ai-boost\redalert\win32\release\mpgset.obj
c:\a-git\ai-boost\redalert\win32\release\nullmgr.obj
c:\a-git\ai-boost\redalert\win32\release\object.obj
c:\a-git\ai-boost\redalert\win32\release\pkstraw.obj
c:\a-git\ai-boost\redalert\win32\release\profile.obj
c:\a-git\ai-boost\redalert\win32\release\random.obj
c:\a-git\ai-boost\redalert\win32\release\rawfile.obj
c:\a-git\ai-boost\redalert\win32\release\rect.obj
c:\a-git\ai-boost\redalert\win32\release\rndstraw.obj
c:\a-git\ai-boost\redalert\win32\release\score.obj
c:\a-git\ai-boost\redalert\win32\release\seqconn.obj
c:\a-git\ai-boost\redalert\win32\release\session.obj
c:\a-git\ai-boost\redalert\win32\release\special.obj
c:\a-git\ai-boost\redalert\win32\release\tab.obj
c:\a-git\ai-boost\redalert\win32\release\teamtype.obj
c:\a-git\ai-boost\redalert\win32\release\tevent.obj
c:\a-git\ai-boost\redalert\win32\release\trigtype.obj
c:\a-git\ai-boost\redalert\win32\release\vdata.obj
c:\a-git\ai-boost\redalert\win32\release\weapon.obj
c:\a-git\ai-boost\redalert\win32\release\drawmisc.obj
c:\a-git\ai-boost\redalert\win32\release\iff.obj
c:\a-git\ai-boost\redalert\win32\release\palette.obj
c:\a-git\ai-boost\redalert\win32\release\winhide.obj
c:\a-git\ai-boost\redalert\win32\release\wsproto.obj
c:\a-git\ai-boost\redalert\win32\release\aadata.obj
c:\a-git\ai-boost\redalert\win32\release\b64pipe.obj
c:\a-git\ai-boost\redalert\win32\release\base.obj
c:\a-git\ai-boost\redalert\win32\release\buff.obj
c:\a-git\ai-boost\redalert\win32\release\carry.obj
c:\a-git\ai-boost\redalert\win32\release\ccptr.obj
c:\a-git\ai-boost\redalert\win32\release\combat.obj
c:\a-git\ai-boost\redalert\win32\release\const.obj
c:\a-git\ai-boost\redalert\win32\release\crcstraw.obj
c:\a-git\ai-boost\redalert\win32\release\crew.obj
c:\a-git\ai-boost\redalert\win32\release\dibutil.obj
c:\a-git\ai-boost\redalert\win32\release\dllinterface.obj
c:\a-git\ai-boost\redalert\win32\release\facing.obj
c:\a-git\ai-boost\redalert\win32\release\fuse.obj
c:\a-git\ai-boost\redalert\win32\release\globals.obj
c:\a-git\ai-boost\redalert\win32\release\idata.obj
c:\a-git\ai-boost\redalert\win32\release\internet.obj
c:\a-git\ai-boost\redalert\win32\release\ipx95.obj
c:\a-git\ai-boost\redalert\win32\release\key.obj
c:\a-git\ai-boost\redalert\win32\release\logic.obj
c:\a-git\ai-boost\redalert\win32\release\mapedtm.obj
c:\a-git\ai-boost\redalert\win32\release\mission.obj
c:\a-git\ai-boost\redalert\win32\release\mplayer.obj
c:\a-git\ai-boost\redalert\win32\release\nulldlg.obj
c:\a-git\ai-boost\redalert\win32\release\palettec.obj
c:\a-git\ai-boost\redalert\win32\release\ramfile.obj
c:\a-git\ai-boost\redalert\win32\release\rules.obj
c:\a-git\ai-boost\redalert\win32\release\shape.obj
c:\a-git\ai-boost\redalert\win32\release\shapebtn.obj
c:\a-git\ai-boost\redalert\win32\release\sounddlg.obj
c:\a-git\ai-boost\redalert\win32\release\surface.obj
c:\a-git\ai-boost\redalert\win32\release\taction.obj
c:\a-git\ai-boost\redalert\win32\release\techno.obj
c:\a-git\ai-boost\redalert\win32\release\tooltip.obj
c:\a-git\ai-boost\redalert\win32\release\tracker.obj
c:\a-git\ai-boost\redalert\win32\release\unit.obj
c:\a-git\ai-boost\redalert\win32\release\w95trace.obj
c:\a-git\ai-boost\redalert\win32\release\buffglbl.obj
c:\a-git\ai-boost\redalert\win32\release\font.obj
c:\a-git\ai-boost\redalert\win32\release\load.obj
c:\a-git\ai-boost\redalert\win32\release\set_font.obj
c:\a-git\ai-boost\redalert\win32\release\writepcx.obj
c:\a-git\ai-boost\redalert\win32\release\wspipx.obj
c:\a-git\ai-boost\redalert\win32\release\adpcm.obj
c:\a-git\ai-boost\redalert\win32\release\anim.obj
c:\a-git\ai-boost\redalert\win32\release\bigcheck.obj
c:\a-git\ai-boost\redalert\win32\release\blowpipe.obj
c:\a-git\ai-boost\redalert\win32\release\bullet.obj
c:\a-git\ai-boost\redalert\win32\release\ccten.obj
c:\a-git\ai-boost\redalert\win32\release\cheklist.obj
c:\a-git\ai-boost\redalert\win32\release\confdlg.obj
c:\a-git\ai-boost\redalert\win32\release\crate.obj
c:\a-git\ai-boost\redalert\win32\release\dialog.obj
c:\a-git\ai-boost\redalert\win32\release\drop.obj
c:\a-git\ai-boost\redalert\win32\release\expand.obj
c:\a-git\ai-boost\redalert\win32\release\fixed.obj
c:\a-git\ai-boost\redalert\win32\release\flasher.obj
c:\a-git\ai-boost\redalert\win32\release\gamedlg.obj
c:\a-git\ai-boost\redalert\win32\release\heap.obj
c:\a-git\ai-boost\redalert\win32\release\init.obj
c:\a-git\ai-boost\redalert\win32\release\ipx.obj
c:\a-git\ai-boost\redalert\win32\release\itable.obj
c:\a-git\ai-boost\redalert\win32\release\jshell.obj
c:\a-git\ai-boost\redalert\win32\release\lzo1x_c.obj
c:\a-git\ai-boost\redalert\win32\release\lzo1x_d.obj
c:\a-git\ai-boost\redalert\win32\release\lzopipe.obj
c:\a-git\ai-boost\redalert\win32\release\lzostraw.obj
c:\a-git\ai-boost\redalert\win32\release\lzw.obj
c:\a-git\ai-boost\redalert\win32\release\map.obj
c:\a-git\ai-boost\redalert\win32\release\mapsel.obj
c:\a-git\ai-boost\redalert\win32\release\monoc.obj
c:\a-git\ai-boost\redalert\win32\release\msglist.obj
c:\a-git\ai-boost\redalert\win32\release\overlay.obj
c:\a-git\ai-boost\redalert\win32\release\radar.obj
c:\a-git\ai-boost\redalert\win32\release\reinf.obj
c:\a-git\ai-boost\redalert\win32\release\sdata.obj
c:\a-git\ai-boost\redalert\win32\release\smudge.obj
c:\a-git\ai-boost\redalert\win32\release\stats.obj
c:\a-git\ai-boost\redalert\win32\release\tdata.obj
c:\a-git\ai-boost\redalert\win32\release\terrain.obj
c:\a-git\ai-boost\redalert\win32\release\trigger.obj
c:\a-git\ai-boost\redalert\win32\release\utracker.obj
c:\a-git\ai-boost\redalert\win32\release\vortex.obj
c:\a-git\ai-boost\redalert\win32\release\ddraw.obj
c:\a-git\ai-boost\redalert\win32\release\gbuffer.obj
c:\a-git\ai-boost\redalert\win32\release\loadfont.obj
c:\a-git\ai-boost\redalert\win32\release\timerini.obj
c:\a-git\ai-boost\redalert\win32\release\woledit.obj
c:\a-git\ai-boost\redalert\win32\release\wol_cgam.obj
c:\a-git\ai-boost\redalert\win32\release\wol_chat.obj
c:\a-git\ai-boost\redalert\win32\release\wol_dnld.obj
c:\a-git\ai-boost\redalert\win32\release\wol_gsup.obj
c:\a-git\ai-boost\redalert\win32\release\wol_logn.obj
c:\a-git\ai-boost\redalert\win32\release\wol_main.obj
c:\a-git\ai-boost\redalert\win32\release\wol_opt.obj
c:\a-git\ai-boost\redalert\win32\release\wspudp.obj
c:\a-git\ai-boost\redalert\win32\release\abstract.obj
c:\a-git\ai-boost\redalert\win32\release\b64straw.obj
c:\a-git\ai-boost\redalert\win32\release\bar.obj
c:\a-git\ai-boost\redalert\win32\release\blwstraw.obj
c:\a-git\ai-boost\redalert\win32\release\cargo.obj
c:\a-git\ai-boost\redalert\win32\release\ccmpath.obj
c:\a-git\ai-boost\redalert\win32\release\checkbox.obj
c:\a-git\ai-boost\redalert\win32\release\combuf.obj
c:\a-git\ai-boost\redalert\win32\release\coord.obj
c:\a-git\ai-boost\redalert\win32\release\descdlg.obj
c:\a-git\ai-boost\redalert\win32\release\door.obj
c:\a-git\ai-boost\redalert\win32\release\event.obj
c:\a-git\ai-boost\redalert\win32\release\findpath.obj
c:\a-git\ai-boost\redalert\win32\release\hdata.obj
c:\a-git\ai-boost\redalert\win32\release\ini.obj
c:\a-git\ai-boost\redalert\win32\release\inibin.obj
c:\a-git\ai-boost\redalert\win32\release\int.obj
c:\a-git\ai-boost\redalert\win32\release\interpal.obj
c:\a-git\ai-boost\redalert\win32\release\ipxaddr.obj
c:\a-git\ai-boost\redalert\win32\release\layer.obj
c:\a-git\ai-boost\redalert\win32\release\lzwpipe.obj
c:\a-git\ai-boost\redalert\win32\release\lzwstraw.obj
c:\a-git\ai-boost\redalert\win32\release\mapedit.obj
c:\a-git\ai-boost\redalert\win32\release\mci.obj
c:\a-git\ai-boost\redalert\win32\release\mouse.obj
c:\a-git\ai-boost\redalert\win32\release\nullconn.obj
c:\a-git\ai-boost\redalert\win32\release\packet.obj
c:\a-git\ai-boost\redalert\win32\release\pipe.obj
c:\a-git\ai-boost\redalert\win32\release\pk.obj
c:\a-git\ai-boost\redalert\win32\release\pkpipe.obj
c:\a-git\ai-boost\redalert\win32\release\power.obj
c:\a-git\ai-boost\redalert\win32\release\rand.obj
c:\a-git\ai-boost\redalert\win32\release\scenario.obj
c:\a-git\ai-boost\redalert\win32\release\shapipe.obj
c:\a-git\ai-boost\redalert\win32\release\sidebar.obj
c:\a-git\ai-boost\redalert\win32\release\statbtn.obj
c:\a-git\ai-boost\redalert\win32\release\tcpip.obj
c:\a-git\ai-boost\redalert\win32\release\tenmgr.obj
c:\a-git\ai-boost\redalert\win32\release\theme.obj
c:\a-git\ai-boost\redalert\win32\release\udata.obj
c:\a-git\ai-boost\redalert\win32\release\vessel.obj
c:\a-git\ai-boost\redalert\win32\release\buffer.obj
c:\a-git\ai-boost\redalert\win32\release\drawrect.obj
c:\a-git\ai-boost\redalert\win32\release\irandom.obj
c:\a-git\ai-boost\redalert\win32\release\mouseww.obj
c:\a-git\ai-boost\redalert\win32\release\windows.obj
c:\a-git\ai-boost\redalert\win32\release\xpipe.obj
c:\a-git\ai-boost\redalert\win32\release\aircraft.obj
c:\a-git\ai-boost\redalert\win32\release\base64.obj
c:\a-git\ai-boost\redalert\win32\release\bdata.obj
c:\a-git\ai-boost\redalert\win32\release\ccdde.obj
c:\a-git\ai-boost\redalert\win32\release\ccini.obj
c:\a-git\ai-boost\redalert\win32\release\cell.obj
c:\a-git\ai-boost\redalert\win32\release\cominit.obj
c:\a-git\ai-boost\redalert\win32\release\control.obj
c:\a-git\ai-boost\redalert\win32\release\cstraw.obj
c:\a-git\ai-boost\redalert\win32\release\debug.obj
c:\a-git\ai-boost\redalert\win32\release\dllinterfaceeditor.obj
c:\a-git\ai-boost\redalert\win32\release\dynavec.obj
c:\a-git\ai-boost\redalert\win32\release\egos.obj
c:\a-git\ai-boost\redalert\win32\release\ending.obj
c:\a-git\ai-boost\redalert\win32\release\field.obj
c:\a-git\ai-boost\redalert\win32\release\fly.obj
c:\a-git\ai-boost\redalert\win32\release\gauge.obj
c:\a-git\ai-boost\redalert\win32\release\help.obj
c:\a-git\ai-boost\redalert\win32\release\inicode.obj
c:\a-git\ai-boost\redalert\win32\release\ioobj.obj
c:\a-git\ai-boost\redalert\win32\release\ipxmgr.obj
c:\a-git\ai-boost\redalert\win32\release\loaddlg.obj
c:\a-git\ai-boost\redalert\win32\release\mapedsel.obj
c:\a-git\ai-boost\redalert\win32\release\miscasm.obj
c:\a-git\ai-boost\redalert\win32\release\mp.obj
c:\a-git\ai-boost\redalert\win32\release\mpmgrw.obj
c:\a-git\ai-boost\redalert\win32\release\mpu.obj
c:\a-git\ai-boost\redalert\win32\release\msgbox.obj
c:\a-git\ai-boost\redalert\win32\release\odata.obj
c:\a-git\ai-boost\redalert\win32\release\queue.obj
c:\a-git\ai-boost\redalert\win32\release\rawolapi.obj
c:\a-git\ai-boost\redalert\win32\release\readline.obj
c:\a-git\ai-boost\redalert\win32\release\scroll.obj
c:\a-git\ai-boost\redalert\win32\release\slider.obj
c:\a-git\ai-boost\redalert\win32\release\startup.obj
c:\a-git\ai-boost\redalert\win32\release\target.obj
c:\a-git\ai-boost\redalert\win32\release\template.obj
c:\a-git\ai-boost\redalert\win32\release\toggle.obj
c:\a-git\ai-boost\redalert\win32\release\udpaddr.obj
c:\a-git\ai-boost\redalert\win32\release\version.obj
c:\a-git\ai-boost\redalert\win32\release\visudlg.obj
c:\a-git\ai-boost\redalert\win32\release\alloc.obj
c:\a-git\ai-boost\redalert\win32\release\dipthong.obj
c:\a-git\ai-boost\redalert\win32\release\iconset.obj
c:\a-git\ai-boost\redalert\win32\release\timerdwn.obj
c:\a-git\ai-boost\redalert\win32\release\wolapiob.obj
c:\a-git\ai-boost\redalert\win32\release\wolstrng.obj
c:\a-git\ai-boost\redalert\win32\release\adata.obj
c:\a-git\ai-boost\redalert\win32\release\bbdata.obj
c:\a-git\ai-boost\redalert\win32\release\blowfish.obj
c:\a-git\ai-boost\redalert\win32\release\building.obj
c:\a-git\ai-boost\redalert\win32\release\cdfile.obj
c:\a-git\ai-boost\redalert\win32\release\class.obj
c:\a-git\ai-boost\redalert\win32\release\colrlist.obj
c:\a-git\ai-boost\redalert\win32\release\conquer.obj
c:\a-git\ai-boost\redalert\win32\release\dde.obj
c:\a-git\ai-boost\redalert\win32\release\dial8.obj
c:\a-git\ai-boost\redalert\win32\release\dpmi.obj
c:\a-git\ai-boost\redalert\win32\release\drive.obj
c:\a-git\ai-boost\redalert\win32\release\face.obj
c:\a-git\ai-boost\redalert\win32\release\foot.obj
c:\a-git\ai-boost\redalert\win32\release\getcpu.obj
c:\a-git\ai-boost\redalert\win32\release\goptions.obj
c:\a-git\ai-boost\redalert\win32\release\hsv.obj
c:\a-git\ai-boost\redalert\win32\release\iconlist.obj
c:\a-git\ai-boost\redalert\win32\release\infantry.obj
c:\a-git\ai-boost\redalert\win32\release\intro.obj
c:\a-git\ai-boost\redalert\win32\release\ipxconn.obj
c:\a-git\ai-boost\redalert\win32\release\lcw.obj
c:\a-git\ai-boost\redalert\win32\release\lcwstraw.obj
c:\a-git\ai-boost\redalert\win32\release\link.obj
c:\a-git\ai-boost\redalert\win32\release\mapeddlg.obj
c:\a-git\ai-boost\redalert\win32\release\mcimovie.obj
c:\a-git\ai-boost\redalert\win32\release\mixfile.obj
c:\a-git\ai-boost\redalert\win32\release\netdlg.obj
c:\a-git\ai-boost\redalert\win32\release\options.obj
c:\a-git\ai-boost\redalert\win32\release\radio.obj
c:\a-git\ai-boost\redalert\win32\release\rgb.obj
c:\a-git\ai-boost\redalert\win32\release\rotbmp.obj
c:\a-git\ai-boost\redalert\win32\release\saveload.obj
c:\a-git\ai-boost\redalert\win32\release\seditdlg.obj
c:\a-git\ai-boost\redalert\win32\release\sendfile.obj
c:\a-git\ai-boost\redalert\win32\release\sha.obj
c:\a-git\ai-boost\redalert\win32\release\shastraw.obj
c:\a-git\ai-boost\redalert\win32\release\sidebarglyphx.obj
c:\a-git\ai-boost\redalert\win32\release\sprite.obj
c:\a-git\ai-boost\redalert\win32\release\straw.obj
c:\a-git\ai-boost\redalert\win32\release\stub.obj
c:\a-git\ai-boost\redalert\win32\release\super.obj
c:\a-git\ai-boost\redalert\win32\release\team.obj
c:\a-git\ai-boost\redalert\win32\release\textbtn.obj
c:\a-git\ai-boost\redalert\win32\release\txtlabel.obj
c:\a-git\ai-boost\redalert\win32\release\vector.obj
c:\a-git\ai-boost\redalert\win32\release\warhead.obj
c:\a-git\ai-boost\redalert\win32\release\delay.obj
c:\a-git\ai-boost\redalert\win32\release\getshape.obj
c:\a-git\ai-boost\redalert\win32\release\timer.obj
c:\a-git\ai-boost\redalert\win32\release\_diptabl.obj
c:\a-git\ai-boost\redalert\win32\release\winstub.obj
c:\a-git\ai-boost\redalert\win32\release\xstraw.obj
c:\a-git\ai-boost\redalert\win32\release\vc141.pdb
c:\a-git\ai-boost-cnc-crash\bin\win32\redalert.dll
c:\a-git\ai-boost-cnc-crash\bin\win32\redalert.pdb
c:\a-git\ai-boost\bin\win32\redalert.dll
c:\a-git\ai-boost\bin\win32\redalert.pdb
c:\a-git\ai-boost\redalert\win32\release\lcwcomp.obj
c:\a-git\ai-boost\redalert\win32\release\mmx.obj
c:\a-git\ai-boost\redalert\win32\release\txtprnt.obj
c:\a-git\ai-boost\redalert\win32\release\tobuff.obj
c:\a-git\ai-boost\redalert\win32\release\keyfbuff.obj
c:\a-git\ai-boost-cnc-crash\redalert\win32\release\redalert.res
c:\a-git\ai-boost\redalert\win32\release\redalert.res
c:\a-git\ai-boost-cnc-crash\bin\win32\redalert.lib
c:\a-git\ai-boost-cnc-crash\bin\win32\redalert.exp
c:\a-git\ai-boost\bin\win32\redalert.lib
c:\a-git\ai-boost\bin\win32\redalert.exp
c:\a-git\ai-boost\redalert\..\bin\win32\redalert.dll
c:\a-git\ai-boost\redalert\win32\release\redalert.tlog\cl.command.1.tlog
c:\a-git\ai-boost\redalert\win32\release\redalert.tlog\cl.read.1.tlog
c:\a-git\ai-boost\redalert\win32\release\redalert.tlog\cl.write.1.tlog
c:\a-git\ai-boost\redalert\win32\release\redalert.tlog\link.command.1.tlog
c:\a-git\ai-boost\redalert\win32\release\redalert.tlog\link.read.1.tlog
c:\a-git\ai-boost\redalert\win32\release\redalert.tlog\link.write.1.tlog
c:\a-git\ai-boost\redalert\win32\release\redalert.tlog\masm.read.1u.tlog
c:\a-git\ai-boost\redalert\win32\release\redalert.tlog\masm.write.1u.tlog
c:\a-git\ai-boost\redalert\win32\release\redalert.tlog\rc.command.1.tlog
c:\a-git\ai-boost\redalert\win32\release\redalert.tlog\rc.read.1.tlog
c:\a-git\ai-boost\redalert\win32\release\redalert.tlog\rc.write.1.tlog
c:\a-git\ai-boost\redalert\win32\release\redalert.tlog\redalert.write.1u.tlog
